<?xml version="1.0" encoding="UTF-8"?>
<!-- Generated by org.testng.reporters.JUnitXMLReporter -->
<testsuite ignored="0" hostname="LAPTOP-UMV6OFSC" failures="0" tests="3" name="Test" time="27.536" errors="0" timestamp="2023-08-10T20:15:39 IST">
  <testcase classname="assignment.Automationtest" name="TestScenario2" time="4.677"/>
  <testcase classname="assignment.Automationtest" name="TestScenario3" time="2.895"/>
  <testcase classname="assignment.Automationrequesttest" name="TestScenario2" time="5.177"/>
</testsuite> <!-- Test -->
