<?xml version="1.0" encoding="UTF-8"?>
<testng-results ignored="0" total="3" passed="3" failed="0" skipped="0">
  <reporter-output>
  </reporter-output>
  <suite started-at="2023-08-10T20:15:11 IST" name="Suite" finished-at="2023-08-10T20:15:39 IST" duration-ms="27536">
    <groups>
    </groups>
    <test started-at="2023-08-10T20:15:11 IST" name="Test" finished-at="2023-08-10T20:15:39 IST" duration-ms="27536">
      <class name="assignment.Automationrequesttest">
        <test-method is-config="true" signature="TestScenario1()[pri:0, instance:assignment.Automationrequesttest@15dd5ac2]" started-at="2023-08-10T20:15:11 IST" name="TestScenario1" finished-at="2023-08-10T20:15:19 IST" duration-ms="7488" status="PASS">
          <reporter-output>
          </reporter-output>
        </test-method> <!-- TestScenario1 -->
        <test-method signature="TestScenario2()[pri:0, instance:assignment.Automationrequesttest@15dd5ac2]" started-at="2023-08-10T20:15:29 IST" name="TestScenario2" finished-at="2023-08-10T20:15:34 IST" duration-ms="5177" status="PASS">
          <reporter-output>
          </reporter-output>
        </test-method> <!-- TestScenario2 -->
        <test-method is-config="true" signature="TestScenario3()[pri:0, instance:assignment.Automationrequesttest@15dd5ac2]" started-at="2023-08-10T20:15:34 IST" name="TestScenario3" finished-at="2023-08-10T20:15:39 IST" duration-ms="4611" status="PASS">
          <reporter-output>
          </reporter-output>
        </test-method> <!-- TestScenario3 -->
      </class> <!-- assignment.Automationrequesttest -->
      <class name="assignment.Automationtest">
        <test-method is-config="true" signature="TestScenario1()[pri:0, instance:assignment.Automationtest@178270b2]" started-at="2023-08-10T20:15:19 IST" name="TestScenario1" finished-at="2023-08-10T20:15:21 IST" duration-ms="2627" status="PASS">
          <reporter-output>
          </reporter-output>
        </test-method> <!-- TestScenario1 -->
        <test-method signature="TestScenario2()[pri:0, instance:assignment.Automationtest@178270b2]" started-at="2023-08-10T20:15:21 IST" name="TestScenario2" finished-at="2023-08-10T20:15:26 IST" duration-ms="4677" status="PASS">
          <reporter-output>
          </reporter-output>
        </test-method> <!-- TestScenario2 -->
        <test-method signature="TestScenario3()[pri:0, instance:assignment.Automationtest@178270b2]" started-at="2023-08-10T20:15:26 IST" name="TestScenario3" finished-at="2023-08-10T20:15:29 IST" duration-ms="2895" status="PASS">
          <reporter-output>
          </reporter-output>
        </test-method> <!-- TestScenario3 -->
      </class> <!-- assignment.Automationtest -->
    </test> <!-- Test -->
  </suite> <!-- Suite -->
</testng-results>
